<html>
<head>
<title>TestNG:  TC_UI_PMTOOL_04_004</title>
<link href="../testng.css" rel="stylesheet" type="text/css" />
<link href="../my-testng.css" rel="stylesheet" type="text/css" />

<style type="text/css">
.log { display: none;} 
.stack-trace { display: none;} 
</style>
<script type="text/javascript">
<!--
function flip(e) {
  current = e.style.display;
  if (current == 'block') {
    e.style.display = 'none';
    return 0;
  }
  else {
    e.style.display = 'block';
    return 1;
  }
}

function toggleBox(szDivId, elem, msg1, msg2)
{
  var res = -1;  if (document.getElementById) {
    res = flip(document.getElementById(szDivId));
  }
  else if (document.all) {
    // this is the way old msie versions work
    res = flip(document.all[szDivId]);
  }
  if(elem) {
    if(res == 0) elem.innerHTML = msg1; else elem.innerHTML = msg2;
  }

}

function toggleAllBoxes() {
  if (document.getElementsByTagName) {
    d = document.getElementsByTagName('div');
    for (i = 0; i < d.length; i++) {
      if (d[i].className == 'log') {
        flip(d[i]);
      }
    }
  }
}

// -->
</script>

</head>
<body>
<h2 align='center'>TC_UI_PMTOOL_04_004</h2><table border='1' align="center">
<tr>
<td>Tests passed/Failed/Skipped:</td><td>0/1/0</td>
</tr><tr>
<td>Started on:</td><td>Fri Oct 22 12:23:21 EEST 2021</td>
</tr>
<tr><td>Total time:</td><td>27 seconds (27306 ms)</td>
</tr><tr>
<td>Included groups:</td><td></td>
</tr><tr>
<td>Excluded groups:</td><td></td>
</tr>
</table><p/>
<small><i>(Hover the method name to see the test class name)</i></small><p/>
<table width='100%' border='1' class='invocation-failed'>
<tr><td colspan='4' align='center'><b>FAILED TESTS</b></td></tr>
<tr><td><b>Test method</b></td>
<td width="30%"><b>Exception</b></td>
<td width="10%"><b>Time (seconds)</b></td>
<td><b>Instance</b></td>
</tr>
<tr>
<td title='test_suites.TS_UI_PMTOOL_04.TC_UI_PMTOOL_04_004.TC_UI_PMTOOL_04_004_Move_Tasks()'><b>TC_UI_PMTOOL_04_004_Move_Tasks</b><br>Test class: test_suites.TS_UI_PMTOOL_04.TC_UI_PMTOOL_04_004<br/>
<a href="#Output-449541293" onClick='toggleBox("Output-449541293", this, "Show output", "Hide output");'>Show output</a>

<a href="#Output-449541293" onClick="toggleAllBoxes();">Show all outputs</a>
<div class='log' id="Output-449541293">
1. Open Web Application. PMTool home page opens<br/>
2. Navigate to Login page and fill the form<br/>
3. Verify that the login has been completed<br/>
4. Create new project<br/>
5. Verify that the project has been created<br/>
6. Create new task<br/>
7. Verify that the task has been created<br/>
8. Navigate to dashboard page and create a new task<br/>
10. Move the task to a different status.<br/>
11. Verify that the task has move<br/>
</div>
</td>
<td><div><pre>java.lang.AssertionError: expected [false] but found [true]
	at pages.dashboard.ViewTasks.verifyMoveTask(ViewTasks.java:55)
	at test_suites.TS_UI_PMTOOL_04.TC_UI_PMTOOL_04_004.TC_UI_PMTOOL_04_004_Move_Tasks(TC_UI_PMTOOL_04_004.java:35)
	at java.base/java.util.ArrayList.forEach(ArrayList.java:1540)
	at Main.runOneTestSuite(Main.java:55)
	at Main.runTestSuite(Main.java:36)
	at Main.main(Main.java:19)
... Removed 28 stack frames</pre></div><a href='#' onClick='toggleBox("stack-trace449541293", this, "Click to show all stack frames", "Click to hide stack frames")'>Click to show all stack frames</a>
<div class='stack-trace' id='stack-trace449541293'><pre>java.lang.AssertionError: expected [false] but found [true]
	at org.testng.Assert.fail(Assert.java:99)
	at org.testng.Assert.failNotEquals(Assert.java:1037)
	at org.testng.Assert.assertFalse(Assert.java:67)
	at org.testng.Assert.assertFalse(Assert.java:77)
	at pages.dashboard.ViewTasks.verifyMoveTask(ViewTasks.java:55)
	at test_suites.TS_UI_PMTOOL_04.TC_UI_PMTOOL_04_004.TC_UI_PMTOOL_04_004_Move_Tasks(TC_UI_PMTOOL_04_004.java:35)
	at java.base/jdk.internal.reflect.NativeMethodAccessorImpl.invoke0(Native Method)
	at java.base/jdk.internal.reflect.NativeMethodAccessorImpl.invoke(NativeMethodAccessorImpl.java:62)
	at java.base/jdk.internal.reflect.DelegatingMethodAccessorImpl.invoke(DelegatingMethodAccessorImpl.java:43)
	at java.base/java.lang.reflect.Method.invoke(Method.java:567)
	at org.testng.internal.MethodInvocationHelper.invokeMethod(MethodInvocationHelper.java:132)
	at org.testng.internal.TestInvoker.invokeMethod(TestInvoker.java:599)
	at org.testng.internal.TestInvoker.invokeTestMethod(TestInvoker.java:174)
	at org.testng.internal.MethodRunner.runInSequence(MethodRunner.java:46)
	at org.testng.internal.TestInvoker$MethodInvocationAgent.invoke(TestInvoker.java:822)
	at org.testng.internal.TestInvoker.invokeTestMethods(TestInvoker.java:147)
	at org.testng.internal.TestMethodWorker.invokeTestMethods(TestMethodWorker.java:146)
	at org.testng.internal.TestMethodWorker.run(TestMethodWorker.java:128)
	at java.base/java.util.ArrayList.forEach(ArrayList.java:1540)
	at org.testng.TestRunner.privateRun(TestRunner.java:764)
	at org.testng.TestRunner.run(TestRunner.java:585)
	at org.testng.SuiteRunner.runTest(SuiteRunner.java:384)
	at org.testng.SuiteRunner.runSequentially(SuiteRunner.java:378)
	at org.testng.SuiteRunner.privateRun(SuiteRunner.java:337)
	at org.testng.SuiteRunner.run(SuiteRunner.java:286)
	at org.testng.SuiteRunnerWorker.runSuite(SuiteRunnerWorker.java:53)
	at org.testng.SuiteRunnerWorker.run(SuiteRunnerWorker.java:96)
	at org.testng.TestNG.runSuitesSequentially(TestNG.java:1218)
	at org.testng.TestNG.runSuitesLocally(TestNG.java:1140)
	at org.testng.TestNG.runSuites(TestNG.java:1069)
	at org.testng.TestNG.run(TestNG.java:1037)
	at Main.runOneTestSuite(Main.java:55)
	at Main.runTestSuite(Main.java:36)
	at Main.main(Main.java:19)
</pre></div></td>
<td>17</td>
<td>test_suites.TS_UI_PMTOOL_04.TC_UI_PMTOOL_04_004@a38d7a3</td></tr>
</table><p>
</body>
</html>