<?xml version="1.0" encoding="UTF-8"?>
<!-- Generated by org.testng.reporters.JUnitXMLReporter -->
<testsuite ignored="0" hostname="IITL0005" failures="1" tests="1" name="TC_UI_PMTOOL_04_004" time="27.306" errors="0" timestamp="2021-10-22T12:23:48 EEST">
  <testcase classname="test_suites.TS_UI_PMTOOL_04.TC_UI_PMTOOL_04_004" name="TC_UI_PMTOOL_04_004_Move_Tasks" time="17.817">
    <failure type="java.lang.AssertionError" message="expected [false] but found [true]">
      <![CDATA[java.lang.AssertionError: expected [false] but found [true]
at pages.dashboard.ViewTasks.verifyMoveTask(ViewTasks.java:55)
at test_suites.TS_UI_PMTOOL_04.TC_UI_PMTOOL_04_004.TC_UI_PMTOOL_04_004_Move_Tasks(TC_UI_PMTOOL_04_004.java:35)
at java.base/java.util.ArrayList.forEach(ArrayList.java:1540)
at Main.runOneTestSuite(Main.java:55)
at Main.runTestSuite(Main.java:36)
at Main.main(Main.java:19)
... Removed 28 stack frames]]>
    </failure>
  </testcase> <!-- TC_UI_PMTOOL_04_004_Move_Tasks -->
</testsuite> <!-- TC_UI_PMTOOL_04_004 -->
